INFO:django.utils.autoreload:C:\Users\WuilsonPc\Desktop\progra\booking\booking\app\views.py changed, reloading.
INFO:django.utils.autoreload:C:\Users\WuilsonPc\Desktop\progra\booking\booking\app\views.py changed, reloading.
INFO:django.utils.autoreload:C:\Users\WuilsonPc\Desktop\progra\booking\booking\app\views.py changed, reloading.
INFO:django.utils.autoreload:C:\Users\WuilsonPc\Desktop\progra\booking\booking\app\views.py changed, reloading.
INFO:django.utils.autoreload:C:\Users\WuilsonPc\Desktop\progra\booking\booking\app\views.py changed, reloading.
INFO:django.utils.autoreload:C:\Users\WuilsonPc\Desktop\progra\booking\booking\app\views.py changed, reloading.
INFO:django.utils.autoreload:C:\Users\WuilsonPc\Desktop\progra\booking\booking\app\views.py changed, reloading.
INFO:django.utils.autoreload:C:\Users\WuilsonPc\Desktop\progra\booking\booking\app\views.py changed, reloading.
INFO:django.utils.autoreload:C:\Users\WuilsonPc\Desktop\progra\booking\booking\app\views.py changed, reloading.
INFO:django.utils.autoreload:C:\Users\WuilsonPc\Desktop\progra\booking\booking\app\views.py changed, reloading.
INFO:django.utils.autoreload:C:\Users\WuilsonPc\Desktop\progra\booking\booking\booking\settings.py changed, reloading.
INFO:django.utils.autoreload:C:\Users\WuilsonPc\Desktop\progra\booking\booking\app\views.py changed, reloading.
INFO:django.utils.autoreload:C:\Users\WuilsonPc\Desktop\progra\booking\booking\app\views.py changed, reloading.
INFO:django.utils.autoreload:C:\Users\WuilsonPc\Desktop\progra\booking\booking\app\views.py changed, reloading.
INFO:django.utils.autoreload:C:\Users\WuilsonPc\Desktop\progra\booking\booking\app\views.py changed, reloading.
WARNING:django.request:Not Found: /sign-in-dash
INFO:django.utils.autoreload:C:\Users\WuilsonPc\Desktop\progra\booking\booking\app\views.py changed, reloading.
INFO:django.utils.autoreload:C:\Users\WuilsonPc\Desktop\progra\booking\booking\app\views.py changed, reloading.
INFO:django.utils.autoreload:C:\Users\WuilsonPc\Desktop\progra\booking\booking\app\views.py changed, reloading.
INFO:django.utils.autoreload:C:\Users\WuilsonPc\Desktop\progra\booking\booking\booking\settings.py changed, reloading.
INFO:django.utils.autoreload:C:\Users\WuilsonPc\Desktop\progra\booking\booking\booking\settings.py changed, reloading.
WARNING:django.request:Not Found: /sm/b71d1fdf2e18834149b01e90c6fb68c49c8720f6f79466e6360b5d5b6793e05e.map
WARNING:django.request:Not Found: /sm/b71d1fdf2e18834149b01e90c6fb68c49c8720f6f79466e6360b5d5b6793e05e.map
WARNING:django.request:Not Found: /sm/b71d1fdf2e18834149b01e90c6fb68c49c8720f6f79466e6360b5d5b6793e05e.map
WARNING:django.request:Not Found: /sm/b71d1fdf2e18834149b01e90c6fb68c49c8720f6f79466e6360b5d5b6793e05e.map
WARNING:django.request:Not Found: /sm/b71d1fdf2e18834149b01e90c6fb68c49c8720f6f79466e6360b5d5b6793e05e.map
WARNING:django.request:Not Found: /sm/b71d1fdf2e18834149b01e90c6fb68c49c8720f6f79466e6360b5d5b6793e05e.map
WARNING:django.request:Not Found: /sm/b71d1fdf2e18834149b01e90c6fb68c49c8720f6f79466e6360b5d5b6793e05e.map
INFO:django.utils.autoreload:C:\Users\WuilsonPc\Desktop\progra\booking\booking\app\views.py changed, reloading.
INFO:root:[+] 2024-09-16 11:30:07.422738 Activando process...
INFO:root:[+] 2024-09-16 11:30:07.439753 Search driver...
INFO:root:[+] 2024-09-16 11:30:09.422529 Process active in while...
INFO:root:[+] 2024-09-16 11:30:09.423530 Search driver...
INFO:root:[+] Login suites feria: 2024-09-16 11:30:09.948006 {'message': 'Usuario logueado', 'code': 200}
INFO:root:[+] 2024-09-16 11:30:10.368421 Process active in while...
INFO:root:[+] 2024-09-16 11:30:10.369422 Search driver...
INFO:root:[+] 2024-09-16 11:30:11.368757 Process active in while...
INFO:root:[+] 2024-09-16 11:30:11.368757 Search driver...
INFO:root:[+] 2024-09-16 11:37:10.189766 Activando process...
INFO:root:[+] 2024-09-16 11:37:10.191767 Search driver...
INFO:root:[+] 2024-09-16 11:37:11.110370 Process active in while...
INFO:root:[+] 2024-09-16 11:37:11.111371 Search driver...
INFO:root:[+] Login suites feria: 2024-09-16 11:37:12.005053 {'message': 'Usuario logueado', 'code': 200}
INFO:root:[+] 2024-09-16 11:37:12.051095 Process active in while...
INFO:root:[+] 2024-09-16 11:37:12.052095 Search driver...
INFO:root:[+] 2024-09-16 11:37:13.037512 Process active in while...
INFO:root:[+] 2024-09-16 11:37:13.038513 Search driver...
INFO:root:[+] 2024-09-16 11:38:21.697727 Activando process...
INFO:root:[+] 2024-09-16 11:38:21.699728 Search driver...
INFO:root:[+] 2024-09-16 11:38:22.397606 Process active in while...
INFO:root:[+] 2024-09-16 11:38:22.397606 Search driver...
INFO:root:[+] Login suites feria: 2024-09-16 11:38:23.197985 {'message': 'Usuario logueado', 'code': 200}
INFO:root:[+] 2024-09-16 11:38:23.387120 Process active in while...
INFO:root:[+] 2024-09-16 11:38:23.387120 Search driver...
